d:\education\education4\enc\lab2\pt\x64\debug\vc143.pdb
d:\education\education4\enc\lab2\pt\x64\debug\passthrough.obj
d:\education\education4\enc\lab2\pt\x64\debug\aes.obj
d:\education\education4\enc\lab2\pt\x64\debug\passthrough\passthrough.cat
d:\education\education4\enc\lab2\pt\x64\debug\passthrough.sys
d:\education\education4\enc\lab2\pt\x64\debug\passthrough.pdb
d:\education\education4\enc\lab2\pt\x64\debug\passthrough.res
d:\education\education4\enc\lab2\pt\x64\debug\passthrough.inf
d:\education\education4\enc\lab2\pt\x64\debug\passthrough.tlog\cl.command.1.tlog
d:\education\education4\enc\lab2\pt\x64\debug\passthrough.tlog\cl.read.1.tlog
d:\education\education4\enc\lab2\pt\x64\debug\passthrough.tlog\cl.write.1.tlog
d:\education\education4\enc\lab2\pt\x64\debug\passthrough.tlog\inf2cat-expand.4592.read.1.tlog
d:\education\education4\enc\lab2\pt\x64\debug\passthrough.tlog\inf2cat-expand.4592.write.1.tlog
d:\education\education4\enc\lab2\pt\x64\debug\passthrough.tlog\inf2cat-expand.read.1.tlog
d:\education\education4\enc\lab2\pt\x64\debug\passthrough.tlog\inf2cat-expand.write.1.tlog
d:\education\education4\enc\lab2\pt\x64\debug\passthrough.tlog\inf2cat.command.1.tlog
d:\education\education4\enc\lab2\pt\x64\debug\passthrough.tlog\inf2cat.read.1.tlog
d:\education\education4\enc\lab2\pt\x64\debug\passthrough.tlog\inf2cat.write.1.tlog
d:\education\education4\enc\lab2\pt\x64\debug\passthrough.tlog\link.command.1.tlog
d:\education\education4\enc\lab2\pt\x64\debug\passthrough.tlog\link.read.1.tlog
d:\education\education4\enc\lab2\pt\x64\debug\passthrough.tlog\link.write.1.tlog
d:\education\education4\enc\lab2\pt\x64\debug\passthrough.tlog\rc.command.1.tlog
d:\education\education4\enc\lab2\pt\x64\debug\passthrough.tlog\rc.read.1.tlog
d:\education\education4\enc\lab2\pt\x64\debug\passthrough.tlog\rc.write.1.tlog
d:\education\education4\enc\lab2\pt\x64\debug\passthrough.tlog\signtool.command.1.tlog
d:\education\education4\enc\lab2\pt\x64\debug\passthrough.tlog\signtool.read.1.tlog
d:\education\education4\enc\lab2\pt\x64\debug\passthrough.tlog\signtool.timestamp.1.tlog
d:\education\education4\enc\lab2\pt\x64\debug\passthrough.tlog\signtool.write.1.tlog
d:\education\education4\enc\lab2\pt\x64\debug\passthrough.tlog\stampinf.command.1.tlog
d:\education\education4\enc\lab2\pt\x64\debug\passthrough.tlog\stampinf.read.1.tlog
d:\education\education4\enc\lab2\pt\x64\debug\passthrough.tlog\stampinf.write.1.tlog
